mobile
adam
0
epoch_number: 0, current_loss: 4.150097846984863, best_loss: 1000000000
1
2
3
4
5
epoch_number: 5, current_loss: 3.199258804321289, best_loss: 3.281696319580078
6
7
8
9
10
epoch_number: 10, current_loss: 2.473682165145874, best_loss: 2.4561774730682373
11
12
13
14
15
epoch_number: 15, current_loss: 1.8326855897903442, best_loss: 2.1533169746398926
16
17
18
19
20
epoch_number: 20, current_loss: 2.1228113174438477, best_loss: 1.8326855897903442
21
22
23
24
25
epoch_number: 25, current_loss: 1.6620959043502808, best_loss: 1.4689171314239502
26
27
28
29
30
epoch_number: 30, current_loss: 1.6128987073898315, best_loss: 1.4689171314239502
31
32
33
34
35
epoch_number: 35, current_loss: 0.9543157815933228, best_loss: 1.4689171314239502
36
37
38
39
